
Processing rootlogon.C...
Processing cal_BeTotalAcc.cpp...
Processing Be7...
Processing Be9...
Processing Be10...
B7 num in bin22=125540416.000000, weight=0.600000, weightedN = 75324249.600000
B9 num in bin22=101487776.000000, weight=0.300000, weightedN = 30446332.800000
B10 num in bin22=107648544.000000, weight=0.100000, weightedN = 10764854.400000
Betotal weighted num in bin22:116535432.000000
det0, B7 events in bin22=162380.000000, weight=0.600000, weightedN = 97428.000000
det0, B9 events in bin22=124645.000000, weight=0.300000, weightedN = 37393.500000
det0, B10 events in bin22=130996.000000, weight=0.100000, weightedN = 13099.600000
Betotal weighted events in bin22:147921.093750
det1, B7 events in bin22=15457.000000, weight=0.600000, weightedN = 9274.200000
det1, B9 events in bin22=12259.000000, weight=0.300000, weightedN = 3677.700000
det1, B10 events in bin22=12902.000000, weight=0.100000, weightedN = 1290.200000
Betotal weighted events in bin22:14242.100586
det2, B7 events in bin22=81749.000000, weight=0.600000, weightedN = 49049.400000
det2, B9 events in bin22=62397.000000, weight=0.300000, weightedN = 18719.100000
det2, B10 events in bin22=66550.000000, weight=0.100000, weightedN = 6655.000000
Betotal weighted events in bin22:74423.500000
Found 18 existing BeTotal histograms to delete
****************************************
Minimizer is Minuit2 / Migrad
Chi2                      =      46.7169
NDf                       =           52
Edm                       =  3.04084e-06
NCalls                    =          471
p0                        =    0.0655893   +/-   0.000256806 
p1                        =    0.0681196   +/-   7.89817e-05 
p2                        =    0.0646871   +/-   7.32637e-05 
p3                        =    0.0623887   +/-   6.88146e-05 
p4                        =    0.0610227   +/-   6.55355e-05 
p5                        =    0.0606668   +/-   6.00445e-05 
p6                        =    0.0606365   +/-   5.29088e-05 
p7                        =    0.0606902   +/-   4.76325e-05 
p8                        =    0.0608082   +/-   3.97235e-05 
p9                        =    0.0612875   +/-   3.97612e-05 
p10                       =    0.0615423   +/-   4.271e-05   
p11                       =    0.0615386   +/-   3.98145e-05 
p12                       =    0.0612193   +/-   4.04227e-05 
p13                       =    0.0607058   +/-   0.000150118 
****************************************
Minimizer is Minuit2 / Migrad
Chi2                      =      49.3621
NDf                       =           47
Edm                       =  8.59409e-06
NCalls                    =          289
p0                        =   0.00311006   +/-   0.000173665 
p1                        =   0.00518271   +/-   2.69108e-05 
p2                        =     0.006035   +/-   2.57881e-05 
p3                        =   0.00583261   +/-   2.11029e-05 
p4                        =   0.00577707   +/-   1.84873e-05 
p5                        =   0.00580504   +/-   1.88371e-05 
p6                        =   0.00590302   +/-   1.66e-05    
p7                        =   0.00602275   +/-   1.43487e-05 
p8                        =   0.00607044   +/-   1.2102e-05  
p9                        =   0.00603101   +/-   1.28602e-05 
p10                       =   0.00604149   +/-   1.33196e-05 
p11                       =   0.00598778   +/-   1.24138e-05 
p12                       =   0.00573991   +/-   1.25697e-05 
p13                       =   0.00543084   +/-   4.60611e-05 
****************************************
Minimizer is Minuit2 / Migrad
Chi2                      =      50.1494
NDf                       =           40
Edm                       =    9.084e-06
NCalls                    =          361
p0                        =    0.0204107   +/-   0.000144876 
p1                        =    0.0173738   +/-   0.000236258 
p2                        =    0.0324548   +/-   6.94435e-05 
p3                        =    0.0334449   +/-   6.2184e-05  
p4                        =    0.0340709   +/-   5.28008e-05 
p5                        =    0.0344893   +/-   3.72861e-05 
p6                        =    0.0349312   +/-   2.83012e-05 
p7                        =    0.0351161   +/-   2.98164e-05 
p8                        =    0.0352606   +/-   3.15031e-05 
p9                        =    0.0352341   +/-   2.98054e-05 
p10                       =     0.034925   +/-   3.06191e-05 
p11                       =    0.0343115   +/-   0.000113601 
****************************************
Minimizer is Minuit2 / Migrad
Chi2                      =       46.189
NDf                       =           52
Edm                       =  3.40693e-06
NCalls                    =          471
p0                        =    0.0656084   +/-   0.000256822 
p1                        =    0.0681394   +/-   7.89866e-05 
p2                        =    0.0647172   +/-   7.32709e-05 
p3                        =    0.0624338   +/-   6.88267e-05 
p4                        =    0.0610908   +/-   6.55523e-05 
p5                        =    0.0607392   +/-   6.00649e-05 
p6                        =    0.0607501   +/-   5.2936e-05  
p7                        =    0.0608217   +/-   4.76711e-05 
p8                        =    0.0610841   +/-   3.97866e-05 
p9                        =    0.0616838   +/-   3.98461e-05 
p10                       =    0.0619543   +/-   4.28168e-05 
p11                       =    0.0619536   +/-   3.99238e-05 
p12                       =    0.0616434   +/-   4.05417e-05 
p13                       =    0.0611865   +/-   0.000150584 
****************************************
Minimizer is Minuit2 / Migrad
Chi2                      =      48.2712
NDf                       =           47
Edm                       =  8.56338e-06
NCalls                    =          287
p0                        =   0.00311852   +/-   0.000173605 
p1                        =   0.00518615   +/-   2.69297e-05 
p2                        =   0.00604082   +/-   2.57415e-05 
p3                        =   0.00583754   +/-   2.10117e-05 
p4                        =   0.00578365   +/-   1.84685e-05 
p5                        =   0.00581189   +/-   1.88337e-05 
p6                        =   0.00591438   +/-   1.65994e-05 
p7                        =   0.00603592   +/-   1.43664e-05 
p8                        =   0.00609877   +/-   1.21167e-05 
p9                        =   0.00606428   +/-   1.28836e-05 
p10                       =   0.00607494   +/-   1.33545e-05 
p11                       =   0.00602294   +/-   1.24463e-05 
p12                       =   0.00577727   +/-   1.26083e-05 
p13                       =   0.00546958   +/-   4.62204e-05 
****************************************
Minimizer is Minuit2 / Migrad
Chi2                      =      49.7753
NDf                       =           40
Edm                       =  1.42673e-05
NCalls                    =          476
p0                        =    0.0204338   +/-   0.000144927 
p1                        =    0.0173912   +/-   0.00023634  
p2                        =    0.0325034   +/-   6.9476e-05  
p3                        =    0.0334983   +/-   6.563e-05   
p4                        =    0.0341378   +/-   5.28659e-05 
p5                        =     0.034555   +/-   3.79869e-05 
p6                        =    0.0350736   +/-   3.01946e-05 
p7                        =    0.0352942   +/-   3.0813e-05  
p8                        =    0.0354296   +/-   3.26068e-05 
p9                        =    0.0353995   +/-   3.02203e-05 
p10                       =    0.0350915   +/-   3.06875e-05 
p11                       =     0.034502   +/-   0.000113863 
****************************************
Minimizer is Minuit2 / Migrad
Chi2                      =      73.9717
NDf                       =           52
Edm                       =  3.11268e-06
NCalls                    =          472
p0                        =    0.0654399   +/-   0.000255942 
p1                        =    0.0677941   +/-   7.86243e-05 
p2                        =    0.0627461   +/-   7.21623e-05 
p3                        =    0.0588151   +/-   6.66207e-05 
p4                        =    0.0548008   +/-   6.21376e-05 
p5                        =    0.0522565   +/-   5.53314e-05 
p6                        =    0.0488109   +/-   4.69746e-05 
p7                        =    0.0440684   +/-   3.99672e-05 
p8                        =    0.0379928   +/-   3.08587e-05 
p9                        =    0.0315488   +/-   2.89527e-05 
p10                       =    0.0302734   +/-   3.01462e-05 
p11                       =    0.0296843   +/-   2.7655e-05  
p12                       =    0.0288191   +/-   2.78708e-05 
p13                       =    0.0279547   +/-   0.000103173 
****************************************
Minimizer is Minuit2 / Migrad
Chi2                      =      47.8524
NDf                       =           47
Edm                       =  5.12759e-06
NCalls                    =          438
p0                        =   0.00298452   +/-   0.000186964 
p1                        =   0.00497179   +/-   2.79758e-05 
p2                        =   0.00568033   +/-   2.73942e-05 
p3                        =   0.00530912   +/-   2.73035e-05 
p4                        =   0.00517378   +/-   2.02881e-05 
p5                        =   0.00497518   +/-   1.7197e-05  
p6                        =   0.00469006   +/-   1.45698e-05 
p7                        =   0.00426907   +/-   1.24057e-05 
p8                        =   0.00361874   +/-   9.48392e-06 
p9                        =   0.00287955   +/-   8.79202e-06 
p10                       =   0.00274515   +/-   9.1018e-06  
p11                       =   0.00264176   +/-   8.24018e-06 
p12                       =   0.00240667   +/-   8.14534e-06 
p13                       =   0.00217783   +/-   2.98273e-05 
****************************************
Minimizer is Minuit2 / Migrad
Chi2                      =      65.5701
NDf                       =           40
Edm                       =  5.85225e-06
NCalls                    =          359
p0                        =    0.0175588   +/-   0.000133209 
p1                        =     0.015054   +/-   0.000216596 
p2                        =    0.0266702   +/-   6.2889e-05  
p3                        =    0.0267629   +/-   5.76395e-05 
p4                        =    0.0264714   +/-   4.59558e-05 
p5                        =    0.0257059   +/-   3.2438e-05  
p6                        =    0.0225748   +/-   2.25132e-05 
p7                        =    0.0189937   +/-   2.13864e-05 
p8                        =    0.0183478   +/-   2.17851e-05 
p9                        =    0.0180802   +/-   2.10206e-05 
p10                       =    0.0177899   +/-   2.18952e-05 
p11                       =    0.0173063   +/-   8.11385e-05 
****************************************
Minimizer is Minuit2 / Migrad
Chi2                      =      47.2607
NDf                       =           52
Edm                       =  3.00642e-06
NCalls                    =          471
p0                        =    0.0658552   +/-   0.000257135 
p1                        =    0.0682309   +/-   7.90491e-05 
p2                        =    0.0647678   +/-   7.33123e-05 
p3                        =    0.0624721   +/-   6.88612e-05 
p4                        =     0.061118   +/-   6.55872e-05 
p5                        =    0.0607782   +/-   6.01033e-05 
p6                        =    0.0607735   +/-   5.29773e-05 
p7                        =    0.0609207   +/-   4.7744e-05  
p8                        =    0.0613486   +/-   3.99127e-05 
p9                        =    0.0620654   +/-   4.00007e-05 
p10                       =    0.0623901   +/-   4.29954e-05 
p11                       =    0.0624062   +/-   4.00954e-05 
p12                       =    0.0621485   +/-   4.07193e-05 
p13                       =    0.0616774   +/-   0.000151239 
****************************************
Minimizer is Minuit2 / Migrad
Chi2                      =      45.8847
NDf                       =           47
Edm                       =   1.1937e-06
NCalls                    =          321
p0                        =   0.00789299   +/-   0.000206774 
p1                        =   0.00782748   +/-   3.4248e-05  
p2                        =    0.0078832   +/-   3.01706e-05 
p3                        =   0.00781146   +/-   2.498e-05   
p4                        =   0.00778362   +/-   2.06818e-05 
p5                        =   0.00777798   +/-   2.14387e-05 
p6                        =   0.00775515   +/-   1.86886e-05 
p7                        =   0.00777982   +/-   1.62604e-05 
p8                        =   0.00784444   +/-   1.39517e-05 
p9                        =   0.00794592   +/-   1.40695e-05 
p10                       =    0.0079994   +/-   1.53378e-05 
p11                       =   0.00801995   +/-   1.43125e-05 
p12                       =   0.00796839   +/-   1.4573e-05  
p13                       =   0.00789815   +/-   5.39487e-05 
****************************************
Minimizer is Minuit2 / Migrad
Chi2                      =      80.9001
NDf                       =           40
Edm                       =  2.82395e-06
NCalls                    =          360
p0                        =    0.0246739   +/-   0.000156858 
p1                        =    0.0215168   +/-   0.000255144 
p2                        =    0.0373863   +/-   7.45371e-05 
p3                        =    0.0386197   +/-   6.92393e-05 
p4                        =    0.0391246   +/-   5.63935e-05 
p5                        =    0.0398442   +/-   4.05436e-05 
p6                        =    0.0388815   +/-   2.92027e-05 
p7                        =    0.0373546   +/-   2.88907e-05 
p8                        =    0.0370887   +/-   3.18845e-05 
p9                        =    0.0368123   +/-   3.02214e-05 
p10                       =    0.0360986   +/-   3.11724e-05 
p11                       =     0.035397   +/-   0.000115581 
****************************************
Minimizer is Minuit2 / Migrad
Chi2                      =      46.7818
NDf                       =           52
Edm                       =  3.47303e-06
NCalls                    =          471
p0                        =    0.0658756   +/-   0.000257151 
p1                        =     0.068252   +/-   7.90545e-05 
p2                        =    0.0647992   +/-   7.33199e-05 
p3                        =    0.0625181   +/-   6.88739e-05 
p4                        =    0.0611887   +/-   6.56048e-05 
p5                        =    0.0608525   +/-   6.01248e-05 
p6                        =    0.0608937   +/-   5.3006e-05  
p7                        =    0.0610565   +/-   4.77847e-05 
p8                        =    0.0616517   +/-   3.9982e-05  
p9                        =    0.0625093   +/-   4.00945e-05 
p10                       =    0.0628485   +/-   4.31128e-05 
p11                       =    0.0628668   +/-   4.02156e-05 
p12                       =    0.0626211   +/-   4.08506e-05 
p13                       =    0.0622164   +/-   0.000151755 
****************************************
Minimizer is Minuit2 / Migrad
Chi2                      =      45.8868
NDf                       =           47
Edm                       =  2.84661e-06
NCalls                    =          469
p0                        =   0.00790472   +/-   0.000224878 
p1                        =   0.00783324   +/-   3.49246e-05 
p2                        =   0.00789068   +/-   3.25174e-05 
p3                        =   0.00781954   +/-   3.30725e-05 
p4                        =   0.00779397   +/-   2.50177e-05 
p5                        =   0.00778778   +/-   2.17125e-05 
p6                        =   0.00777205   +/-   1.89896e-05 
p7                        =   0.00779836   +/-   1.71075e-05 
p8                        =   0.00788739   +/-   1.43047e-05 
p9                        =   0.00800738   +/-   1.43657e-05 
p10                       =    0.0080631   +/-   1.54471e-05 
p11                       =   0.00808512   +/-   1.44261e-05 
p12                       =   0.00803824   +/-   1.46393e-05 
p13                       =    0.0079798   +/-   5.43335e-05 
****************************************
Minimizer is Minuit2 / Migrad
Chi2                      =      78.6583
NDf                       =           40
Edm                       =  3.21233e-06
NCalls                    =          360
p0                        =    0.0247038   +/-   0.00015691  
p1                        =    0.0215414   +/-   0.000255234 
p2                        =    0.0374444   +/-   7.45631e-05 
p3                        =    0.0386848   +/-   6.88829e-05 
p4                        =     0.039203   +/-   5.63636e-05 
p5                        =    0.0399244   +/-   4.06053e-05 
p6                        =    0.0390409   +/-   2.98727e-05 
p7                        =    0.0375468   +/-   2.87835e-05 
p8                        =    0.0372708   +/-   3.21004e-05 
p9                        =    0.0369888   +/-   3.03248e-05 
p10                       =    0.0362742   +/-   3.1242e-05  
p11                       =    0.0355936   +/-   0.00011585  
****************************************
Minimizer is Minuit2 / Migrad
Chi2                      =      74.2351
NDf                       =           52
Edm                       =  3.13073e-06
NCalls                    =          472
p0                        =    0.0656917   +/-   0.000256249 
p1                        =    0.0678959   +/-   7.86853e-05 
p2                        =     0.062809   +/-   7.22014e-05 
p3                        =    0.0588763   +/-   6.66559e-05 
p4                        =    0.0548616   +/-   6.21734e-05 
p5                        =     0.052324   +/-   5.53679e-05 
p6                        =    0.0488806   +/-   4.70104e-05 
p7                        =     0.044157   +/-   4.00091e-05 
p8                        =    0.0380905   +/-   3.08986e-05 
p9                        =    0.0316328   +/-   2.89911e-05 
p10                       =    0.0303556   +/-   3.0187e-05  
p11                       =    0.0297601   +/-   2.76902e-05 
p12                       =    0.0288887   +/-   2.79048e-05 
p13                       =    0.0280175   +/-   0.000103295 
****************************************
Minimizer is Minuit2 / Migrad
Chi2                      =      43.9046
NDf                       =           47
Edm                       =  7.23868e-06
NCalls                    =          290
p0                        =    0.0075966   +/-   0.000202074 
p1                        =   0.00747661   +/-   3.33648e-05 
p2                        =   0.00736375   +/-   2.91531e-05 
p3                        =   0.00703826   +/-   2.23077e-05 
p4                        =   0.00689874   +/-   1.96359e-05 
p5                        =    0.0065733   +/-   1.98994e-05 
p6                        =   0.00605651   +/-   1.68135e-05 
p7                        =   0.00539838   +/-   1.37866e-05 
p8                        =   0.00454068   +/-   9.57785e-06 
p9                        =   0.00360092   +/-   9.19726e-06 
p10                       =   0.00341648   +/-   9.71409e-06 
p11                       =   0.00329201   +/-   8.94405e-06 
p12                       =   0.00304074   +/-   9.10168e-06 
p13                       =   0.00282903   +/-   3.34098e-05 
****************************************
Minimizer is Minuit2 / Migrad
Chi2                      =      83.2105
NDf                       =           40
Edm                       =  9.04134e-07
NCalls                    =          360
p0                        =     0.021107   +/-   0.000143857 
p1                        =     0.018523   +/-   0.000233319 
p2                        =    0.0305565   +/-   6.71899e-05 
p3                        =    0.0306952   +/-   6.26883e-05 
p4                        =    0.0302214   +/-   4.9113e-05  
p5                        =     0.029456   +/-   3.47583e-05 
p6                        =    0.0249974   +/-   2.27393e-05 
p7                        =     0.020169   +/-   2.14098e-05 
p8                        =      0.01926   +/-   2.27122e-05 
p9                        =    0.0188637   +/-   2.15009e-05 
p10                       =    0.0183612   +/-   2.22698e-05 
p11                       =    0.0178476   +/-   8.24865e-05 
BeTotal acceptance calculation completed successfully
